2025-10-07 11:07:08 - duts - INFO -  属性                 | 值
--------------------+--------------------------
 PyTorch            | 2.8.0.dev20250424+cu128
 TorchVision        | 0.22.0.dev20250425+cu128
 Python             | 3.12.10
 system             | Windows 10.0.26100
 CUDA               | True
 CUDA               | 12.8
 cuDNN              | 90701
 GPU                | 1
 GPU 0 info         |
 • name             | NVIDIA GeForce RTX 5070
 • total memory     | 11.94 GB
 • allocated memory | 0.00 GB
 • cache memory     | 0.00 GB
 cuDNN 基准测试模式       | False
 cuDNN 确定性模式        | False
2025-10-07 11:07:08 - duts - INFO - ----------------------start training----------------------
2025-10-07 11:07:08 - duts - DEBUG - number of train dataset    = 8442; steps of training dataset = 527
2025-10-07 11:07:08 - duts - DEBUG - number of val dataset      = 2111; steps of val dataset      = 131
2025-10-07 11:13:12 - duts - INFO -  属性                 | 值
--------------------+--------------------------
 PyTorch            | 2.8.0.dev20250424+cu128
 TorchVision        | 0.22.0.dev20250425+cu128
 Python             | 3.12.10
 system             | Windows 10.0.26100
 CUDA               | True
 CUDA               | 12.8
 cuDNN              | 90701
 GPU                | 1
 GPU 0 info         |
 • name             | NVIDIA GeForce RTX 5070
 • total memory     | 11.94 GB
 • allocated memory | 0.00 GB
 • cache memory     | 0.00 GB
 cuDNN 基准测试模式       | False
 cuDNN 确定性模式        | False
2025-10-07 11:13:12 - duts - INFO - ----------------------start training----------------------
2025-10-07 11:13:12 - duts - DEBUG - number of train dataset    = 8442; steps of training dataset = 527
2025-10-07 11:13:12 - duts - DEBUG - number of val dataset      = 2111; steps of val dataset      = 131
2025-10-07 11:17:05 - duts - INFO -  属性                 | 值
--------------------+--------------------------
 PyTorch            | 2.8.0.dev20250424+cu128
 TorchVision        | 0.22.0.dev20250425+cu128
 Python             | 3.12.10
 system             | Windows 10.0.26100
 CUDA               | True
 CUDA               | 12.8
 cuDNN              | 90701
 GPU                | 1
 GPU 0 info         |
 • name             | NVIDIA GeForce RTX 5070
 • total memory     | 11.94 GB
 • allocated memory | 0.00 GB
 • cache memory     | 0.00 GB
 cuDNN 基准测试模式       | False
 cuDNN 确定性模式        | False
2025-10-07 11:17:05 - duts - INFO - ----------------------start training----------------------
2025-10-07 11:17:05 - duts - DEBUG - number of train dataset    = 8442; steps of training dataset = 527
2025-10-07 11:17:05 - duts - DEBUG - number of val dataset      = 2111; steps of val dataset      = 131
2025-10-07 11:27:49 - duts - INFO -  属性                 | 值
--------------------+--------------------------
 PyTorch            | 2.8.0.dev20250424+cu128
 TorchVision        | 0.22.0.dev20250425+cu128
 Python             | 3.12.10
 system             | Windows 10.0.26100
 CUDA               | True
 CUDA               | 12.8
 cuDNN              | 90701
 GPU                | 1
 GPU 0 info         |
 • name             | NVIDIA GeForce RTX 5070
 • total memory     | 11.94 GB
 • allocated memory | 0.00 GB
 • cache memory     | 0.00 GB
 cuDNN 基准测试模式       | False
 cuDNN 确定性模式        | False
2025-10-07 11:27:49 - duts - INFO - ----------------------start training----------------------
2025-10-07 11:27:49 - duts - DEBUG - number of train dataset    = 8442; steps of training dataset = 527
2025-10-07 11:27:49 - duts - DEBUG - number of val dataset      = 2111; steps of val dataset      = 131
2025-10-07 11:33:09 - duts - INFO -  属性                 | 值
--------------------+--------------------------
 PyTorch            | 2.8.0.dev20250424+cu128
 TorchVision        | 0.22.0.dev20250425+cu128
 Python             | 3.12.10
 system             | Windows 10.0.26100
 CUDA               | True
 CUDA               | 12.8
 cuDNN              | 90701
 GPU                | 1
 GPU 0 info         |
 • name             | NVIDIA GeForce RTX 5070
 • total memory     | 11.94 GB
 • allocated memory | 0.00 GB
 • cache memory     | 0.00 GB
 cuDNN 基准测试模式       | False
 cuDNN 确定性模式        | False
2025-10-07 11:33:09 - duts - INFO - ----------------------start training----------------------
2025-10-07 11:33:09 - duts - DEBUG - number of train dataset    = 8442; steps of training dataset = 527
2025-10-07 11:33:09 - duts - DEBUG - number of val dataset      = 2111; steps of val dataset      = 131
2025-10-07 11:34:44 - duts - INFO -  属性                 | 值
--------------------+--------------------------
 PyTorch            | 2.8.0.dev20250424+cu128
 TorchVision        | 0.22.0.dev20250425+cu128
 Python             | 3.12.10
 system             | Windows 10.0.26100
 CUDA               | True
 CUDA               | 12.8
 cuDNN              | 90701
 GPU                | 1
 GPU 0 info         |
 • name             | NVIDIA GeForce RTX 5070
 • total memory     | 11.94 GB
 • allocated memory | 0.00 GB
 • cache memory     | 0.00 GB
 cuDNN 基准测试模式       | False
 cuDNN 确定性模式        | False
2025-10-07 11:34:44 - duts - INFO - ----------------------start training----------------------
2025-10-07 11:34:44 - duts - DEBUG - number of train dataset    = 8442; steps of training dataset = 527
2025-10-07 11:34:44 - duts - DEBUG - number of val dataset      = 2111; steps of val dataset      = 131
2025-10-07 11:39:14 - duts - INFO -  属性                 | 值
--------------------+--------------------------
 PyTorch            | 2.8.0.dev20250424+cu128
 TorchVision        | 0.22.0.dev20250425+cu128
 Python             | 3.12.10
 system             | Windows 10.0.26100
 CUDA               | True
 CUDA               | 12.8
 cuDNN              | 90701
 GPU                | 1
 GPU 0 info         |
 • name             | NVIDIA GeForce RTX 5070
 • total memory     | 11.94 GB
 • allocated memory | 0.00 GB
 • cache memory     | 0.00 GB
 cuDNN 基准测试模式       | False
 cuDNN 确定性模式        | False
2025-10-07 11:39:14 - duts - INFO - ----------------------start training----------------------
2025-10-07 11:39:14 - duts - DEBUG - number of train dataset    = 8442; steps of training dataset = 527
2025-10-07 11:39:14 - duts - DEBUG - number of val dataset      = 2111; steps of val dataset      = 131
2025-10-07 11:39:14 - duts - INFO - load last checkpoint = D:\Code\Projects\python\AI_Model_Temp\experiments\train_duts_U2NETP_DISDataset\checkpoint\DISModel_last_model.pt, start_epoch = 1
2025-10-07 11:41:00 - duts - DEBUG - best_val_loss_epoch: 1|best_val_loss: 0.8690|best_val_metric_epoch: 1|best_val_metric: 0.6695|train_loss: 0.9308|train_metric: 0.6477|val_loss: 0.8690|val_metric: 0.6695
2025-10-07 11:42:45 - duts - DEBUG - best_val_loss_epoch: 2|best_val_loss: 0.7985|best_val_metric_epoch: 2|best_val_metric: 0.7007|train_loss: 0.8277|train_metric: 0.6924|val_loss: 0.7985|val_metric: 0.7007
2025-10-07 11:44:30 - duts - DEBUG - best_val_loss_epoch: 3|best_val_loss: 0.7557|best_val_metric_epoch: 3|best_val_metric: 0.7185|train_loss: 0.7698|train_metric: 0.7157|val_loss: 0.7557|val_metric: 0.7185
2025-10-07 11:46:15 - duts - DEBUG - best_val_loss_epoch: 4|best_val_loss: 0.7308|best_val_metric_epoch: 4|best_val_metric: 0.7239|train_loss: 0.7362|train_metric: 0.7312|val_loss: 0.7308|val_metric: 0.7239
2025-10-07 11:48:00 - duts - DEBUG - best_val_loss_epoch: 5|best_val_loss: 0.6819|best_val_metric_epoch: 5|best_val_metric: 0.7446|train_loss: 0.6985|train_metric: 0.7434|val_loss: 0.6819|val_metric: 0.7446
2025-10-07 11:49:45 - duts - DEBUG - best_val_loss_epoch: 6|best_val_loss: 0.6806|best_val_metric_epoch: 6|best_val_metric: 0.7537|train_loss: 0.6755|train_metric: 0.7545|val_loss: 0.6806|val_metric: 0.7537
2025-10-07 11:51:30 - duts - DEBUG - best_val_loss_epoch: 7|best_val_loss: 0.6435|best_val_metric_epoch: 7|best_val_metric: 0.7650|train_loss: 0.6481|train_metric: 0.7652|val_loss: 0.6435|val_metric: 0.7650
2025-10-07 11:53:17 - duts - DEBUG - best_val_loss_epoch: 8|best_val_loss: 0.6226|best_val_metric_epoch: 8|best_val_metric: 0.7692|train_loss: 0.6387|train_metric: 0.7683|val_loss: 0.6226|val_metric: 0.7692
2025-10-07 11:54:41 - duts - INFO -  属性                 | 值
--------------------+--------------------------
 PyTorch            | 2.8.0.dev20250424+cu128
 TorchVision        | 0.22.0.dev20250425+cu128
 Python             | 3.12.10
 system             | Windows 10.0.26100
 CUDA               | True
 CUDA               | 12.8
 cuDNN              | 90701
 GPU                | 1
 GPU 0 info         |
 • name             | NVIDIA GeForce RTX 5070
 • total memory     | 11.94 GB
 • allocated memory | 0.00 GB
 • cache memory     | 0.00 GB
 cuDNN 基准测试模式       | False
 cuDNN 确定性模式        | False
2025-10-07 11:54:41 - duts - INFO - ----------------------start training----------------------
2025-10-07 11:54:41 - duts - DEBUG - number of train dataset    = 8442; steps of training dataset = 527
2025-10-07 11:54:41 - duts - DEBUG - number of val dataset      = 2111; steps of val dataset      = 131
2025-10-07 11:54:42 - duts - INFO - load last checkpoint = D:\Code\Projects\python\AI_Model_Temp\experiments\train_duts_U2NETP_DISDataset\checkpoint\DISModel_last_model.pt, start_epoch = 9
2025-10-07 11:56:28 - duts - DEBUG - train_loss: 0.6202|train_metric: 0.7754|val_loss: 0.6430|val_metric: 0.7644
2025-10-07 11:59:30 - duts - INFO -  属性                 | 值
--------------------+--------------------------
 PyTorch            | 2.8.0.dev20250424+cu128
 TorchVision        | 0.22.0.dev20250425+cu128
 Python             | 3.12.10
 system             | Windows 10.0.26100
 CUDA               | True
 CUDA               | 12.8
 cuDNN              | 90701
 GPU                | 1
 GPU 0 info         |
 • name             | NVIDIA GeForce RTX 5070
 • total memory     | 11.94 GB
 • allocated memory | 0.00 GB
 • cache memory     | 0.00 GB
 cuDNN 基准测试模式       | False
 cuDNN 确定性模式        | False
2025-10-07 11:59:30 - duts - INFO - ----------------------start training----------------------
2025-10-07 11:59:30 - duts - DEBUG - number of train dataset    = 8442; steps of training dataset = 263
2025-10-07 11:59:30 - duts - DEBUG - number of val dataset      = 2111; steps of val dataset      = 65
2025-10-07 11:59:30 - duts - INFO - load last checkpoint = D:\Code\Projects\python\AI_Model_Temp\experiments\train_duts_U2NETP_DISDataset\checkpoint\DISModel_last_model.pt, start_epoch = 10
2025-10-07 12:02:20 - duts - INFO -  属性                 | 值
--------------------+--------------------------
 PyTorch            | 2.8.0.dev20250424+cu128
 TorchVision        | 0.22.0.dev20250425+cu128
 Python             | 3.12.10
 system             | Windows 10.0.26100
 CUDA               | True
 CUDA               | 12.8
 cuDNN              | 90701
 GPU                | 1
 GPU 0 info         |
 • name             | NVIDIA GeForce RTX 5070
 • total memory     | 11.94 GB
 • allocated memory | 0.00 GB
 • cache memory     | 0.00 GB
 cuDNN 基准测试模式       | False
 cuDNN 确定性模式        | False
2025-10-07 12:02:20 - duts - INFO - ----------------------start training----------------------
2025-10-07 12:02:20 - duts - DEBUG - number of train dataset    = 8442; steps of training dataset = 351
2025-10-07 12:02:20 - duts - DEBUG - number of val dataset      = 2111; steps of val dataset      = 87
2025-10-07 12:02:20 - duts - INFO - load last checkpoint = D:\Code\Projects\python\AI_Model_Temp\experiments\train_duts_U2NETP_DISDataset\checkpoint\DISModel_last_model.pt, start_epoch = 10
2025-10-07 12:04:22 - duts - DEBUG - best_val_loss_epoch: 10|best_val_loss: 0.5943|best_val_metric_epoch: 10|best_val_metric: 0.7813|train_loss: 0.5714|train_metric: 0.7894|val_loss: 0.5943|val_metric: 0.7813
2025-10-07 12:06:22 - duts - DEBUG - best_val_loss_epoch: 10|best_val_loss: 0.5943|best_val_metric_epoch: 10|best_val_metric: 0.7813|train_loss: 0.5635|train_metric: 0.7946|val_loss: 0.6210|val_metric: 0.7697
2025-10-07 12:08:23 - duts - DEBUG - best_val_loss_epoch: 10|best_val_loss: 0.5943|best_val_metric_epoch: 10|best_val_metric: 0.7813|train_loss: 0.5599|train_metric: 0.7955|val_loss: 0.6020|val_metric: 0.7811
2025-10-07 12:10:23 - duts - DEBUG - best_val_loss_epoch: 13|best_val_loss: 0.5798|best_val_metric_epoch: 13|best_val_metric: 0.7903|train_loss: 0.5523|train_metric: 0.7992|val_loss: 0.5798|val_metric: 0.7903
2025-10-07 12:12:24 - duts - DEBUG - best_val_loss_epoch: 14|best_val_loss: 0.5748|best_val_metric_epoch: 13|best_val_metric: 0.7903|train_loss: 0.5388|train_metric: 0.8035|val_loss: 0.5748|val_metric: 0.7833
2025-10-07 12:14:24 - duts - DEBUG - best_val_loss_epoch: 14|best_val_loss: 0.5748|best_val_metric_epoch: 13|best_val_metric: 0.7903|train_loss: 0.5363|train_metric: 0.8042|val_loss: 0.5892|val_metric: 0.7880
2025-10-07 12:16:24 - duts - DEBUG - best_val_loss_epoch: 16|best_val_loss: 0.5525|best_val_metric_epoch: 16|best_val_metric: 0.7976|train_loss: 0.5300|train_metric: 0.8062|val_loss: 0.5525|val_metric: 0.7976
2025-10-07 12:18:25 - duts - DEBUG - best_val_loss_epoch: 17|best_val_loss: 0.5501|best_val_metric_epoch: 16|best_val_metric: 0.7976|train_loss: 0.5206|train_metric: 0.8093|val_loss: 0.5501|val_metric: 0.7965
2025-10-07 12:20:25 - duts - DEBUG - best_val_loss_epoch: 17|best_val_loss: 0.5501|best_val_metric_epoch: 16|best_val_metric: 0.7976|train_loss: 0.5171|train_metric: 0.8113|val_loss: 0.5542|val_metric: 0.7967
2025-10-07 12:22:26 - duts - DEBUG - best_val_loss_epoch: 19|best_val_loss: 0.5191|best_val_metric_epoch: 19|best_val_metric: 0.8049|train_loss: 0.5047|train_metric: 0.8139|val_loss: 0.5191|val_metric: 0.8049
2025-10-07 12:24:27 - duts - DEBUG - best_val_loss_epoch: 19|best_val_loss: 0.5191|best_val_metric_epoch: 19|best_val_metric: 0.8049|train_loss: 0.4981|train_metric: 0.8158|val_loss: 0.5334|val_metric: 0.8026
2025-10-07 12:26:27 - duts - DEBUG - best_val_loss_epoch: 19|best_val_loss: 0.5191|best_val_metric_epoch: 19|best_val_metric: 0.8049|train_loss: 0.4997|train_metric: 0.8169|val_loss: 0.5421|val_metric: 0.8009
2025-10-07 12:28:28 - duts - DEBUG - best_val_loss_epoch: 19|best_val_loss: 0.5191|best_val_metric_epoch: 22|best_val_metric: 0.8055|train_loss: 0.4889|train_metric: 0.8197|val_loss: 0.5311|val_metric: 0.8055
2025-10-07 12:30:29 - duts - DEBUG - best_val_loss_epoch: 19|best_val_loss: 0.5191|best_val_metric_epoch: 22|best_val_metric: 0.8055|train_loss: 0.4802|train_metric: 0.8228|val_loss: 0.5314|val_metric: 0.8032
2025-10-07 12:32:29 - duts - DEBUG - best_val_loss_epoch: 19|best_val_loss: 0.5191|best_val_metric_epoch: 22|best_val_metric: 0.8055|train_loss: 0.4744|train_metric: 0.8252|val_loss: 0.5211|val_metric: 0.8039
2025-10-07 12:34:29 - duts - DEBUG - best_val_loss_epoch: 25|best_val_loss: 0.5174|best_val_metric_epoch: 25|best_val_metric: 0.8092|train_loss: 0.4755|train_metric: 0.8238|val_loss: 0.5174|val_metric: 0.8092
2025-10-07 12:36:30 - duts - DEBUG - best_val_loss_epoch: 26|best_val_loss: 0.5150|best_val_metric_epoch: 26|best_val_metric: 0.8137|train_loss: 0.4701|train_metric: 0.8273|val_loss: 0.5150|val_metric: 0.8137
2025-10-07 12:38:31 - duts - DEBUG - best_val_loss_epoch: 27|best_val_loss: 0.5070|best_val_metric_epoch: 26|best_val_metric: 0.8137|train_loss: 0.4664|train_metric: 0.8276|val_loss: 0.5070|val_metric: 0.8121
2025-10-07 12:40:31 - duts - DEBUG - best_val_loss_epoch: 27|best_val_loss: 0.5070|best_val_metric_epoch: 26|best_val_metric: 0.8137|train_loss: 0.4618|train_metric: 0.8312|val_loss: 0.5079|val_metric: 0.8108
2025-10-07 12:42:31 - duts - DEBUG - best_val_loss_epoch: 27|best_val_loss: 0.5070|best_val_metric_epoch: 29|best_val_metric: 0.8151|train_loss: 0.4575|train_metric: 0.8323|val_loss: 0.5090|val_metric: 0.8151
2025-10-07 12:44:32 - duts - DEBUG - best_val_loss_epoch: 30|best_val_loss: 0.4943|best_val_metric_epoch: 30|best_val_metric: 0.8190|train_loss: 0.4466|train_metric: 0.8342|val_loss: 0.4943|val_metric: 0.8190
2025-10-07 12:46:33 - duts - DEBUG - best_val_loss_epoch: 30|best_val_loss: 0.4943|best_val_metric_epoch: 31|best_val_metric: 0.8196|train_loss: 0.4474|train_metric: 0.8333|val_loss: 0.5017|val_metric: 0.8196
2025-10-07 12:48:34 - duts - DEBUG - best_val_loss_epoch: 30|best_val_loss: 0.4943|best_val_metric_epoch: 31|best_val_metric: 0.8196|train_loss: 0.4383|train_metric: 0.8365|val_loss: 0.5078|val_metric: 0.8096
2025-10-07 12:50:33 - duts - DEBUG - best_val_loss_epoch: 30|best_val_loss: 0.4943|best_val_metric_epoch: 31|best_val_metric: 0.8196|train_loss: 0.4409|train_metric: 0.8357|val_loss: 0.5119|val_metric: 0.8168
2025-10-07 12:52:33 - duts - DEBUG - best_val_loss_epoch: 30|best_val_loss: 0.4943|best_val_metric_epoch: 31|best_val_metric: 0.8196|train_loss: 0.4284|train_metric: 0.8406|val_loss: 0.5045|val_metric: 0.8187
2025-10-07 12:54:34 - duts - DEBUG - best_val_loss_epoch: 30|best_val_loss: 0.4943|best_val_metric_epoch: 35|best_val_metric: 0.8221|train_loss: 0.4308|train_metric: 0.8398|val_loss: 0.4952|val_metric: 0.8221
2025-10-07 12:56:34 - duts - DEBUG - best_val_loss_epoch: 36|best_val_loss: 0.4860|best_val_metric_epoch: 36|best_val_metric: 0.8239|train_loss: 0.4307|train_metric: 0.8392|val_loss: 0.4860|val_metric: 0.8239
2025-10-07 12:58:35 - duts - DEBUG - best_val_loss_epoch: 36|best_val_loss: 0.4860|best_val_metric_epoch: 36|best_val_metric: 0.8239|train_loss: 0.4251|train_metric: 0.8415|val_loss: 0.5143|val_metric: 0.8196
2025-10-07 13:00:37 - duts - DEBUG - best_val_loss_epoch: 36|best_val_loss: 0.4860|best_val_metric_epoch: 36|best_val_metric: 0.8239|train_loss: 0.4256|train_metric: 0.8428|val_loss: 0.4934|val_metric: 0.8238
2025-10-07 13:02:39 - duts - DEBUG - best_val_loss_epoch: 36|best_val_loss: 0.4860|best_val_metric_epoch: 36|best_val_metric: 0.8239|train_loss: 0.4189|train_metric: 0.8427|val_loss: 0.5018|val_metric: 0.8193
2025-10-07 13:04:40 - duts - DEBUG - best_val_loss_epoch: 36|best_val_loss: 0.4860|best_val_metric_epoch: 36|best_val_metric: 0.8239|train_loss: 0.4132|train_metric: 0.8449|val_loss: 0.4908|val_metric: 0.8220
2025-10-07 13:06:40 - duts - DEBUG - best_val_loss_epoch: 36|best_val_loss: 0.4860|best_val_metric_epoch: 36|best_val_metric: 0.8239|train_loss: 0.4136|train_metric: 0.8468|val_loss: 0.5058|val_metric: 0.8175
2025-10-07 13:08:40 - duts - DEBUG - update lr: 0.001000 → 0.000800
2025-10-07 13:08:40 - duts - DEBUG - best_val_loss_epoch: 36|best_val_loss: 0.4860|best_val_metric_epoch: 36|best_val_metric: 0.8239|train_loss: 0.4072|train_metric: 0.8460|val_loss: 0.5054|val_metric: 0.8181
2025-10-07 13:10:40 - duts - DEBUG - best_val_loss_epoch: 43|best_val_loss: 0.4638|best_val_metric_epoch: 43|best_val_metric: 0.8314|train_loss: 0.3916|train_metric: 0.8530|val_loss: 0.4638|val_metric: 0.8314
2025-10-07 13:12:41 - duts - DEBUG - best_val_loss_epoch: 44|best_val_loss: 0.4617|best_val_metric_epoch: 44|best_val_metric: 0.8339|train_loss: 0.3902|train_metric: 0.8538|val_loss: 0.4617|val_metric: 0.8339
2025-10-07 13:14:41 - duts - DEBUG - best_val_loss_epoch: 44|best_val_loss: 0.4617|best_val_metric_epoch: 44|best_val_metric: 0.8339|train_loss: 0.3854|train_metric: 0.8547|val_loss: 0.4726|val_metric: 0.8308
2025-10-07 13:16:41 - duts - DEBUG - best_val_loss_epoch: 46|best_val_loss: 0.4593|best_val_metric_epoch: 44|best_val_metric: 0.8339|train_loss: 0.3814|train_metric: 0.8579|val_loss: 0.4593|val_metric: 0.8329
2025-10-07 13:18:41 - duts - DEBUG - best_val_loss_epoch: 46|best_val_loss: 0.4593|best_val_metric_epoch: 44|best_val_metric: 0.8339|train_loss: 0.3788|train_metric: 0.8565|val_loss: 0.4750|val_metric: 0.8308
2025-10-07 13:20:42 - duts - DEBUG - best_val_loss_epoch: 46|best_val_loss: 0.4593|best_val_metric_epoch: 44|best_val_metric: 0.8339|train_loss: 0.3767|train_metric: 0.8565|val_loss: 0.4731|val_metric: 0.8278
2025-10-07 13:22:42 - duts - DEBUG - best_val_loss_epoch: 46|best_val_loss: 0.4593|best_val_metric_epoch: 44|best_val_metric: 0.8339|train_loss: 0.3780|train_metric: 0.8599|val_loss: 0.5104|val_metric: 0.8149
2025-10-07 13:24:46 - duts - DEBUG - best_val_loss_epoch: 46|best_val_loss: 0.4593|best_val_metric_epoch: 50|best_val_metric: 0.8369|train_loss: 0.3776|train_metric: 0.8576|val_loss: 0.4658|val_metric: 0.8369
2025-10-07 13:26:46 - duts - DEBUG - best_val_loss_epoch: 46|best_val_loss: 0.4593|best_val_metric_epoch: 50|best_val_metric: 0.8369|train_loss: 0.3685|train_metric: 0.8593|val_loss: 0.4707|val_metric: 0.8332
2025-10-07 13:28:47 - duts - DEBUG - update lr: 0.000800 → 0.000640
2025-10-07 13:28:47 - duts - DEBUG - best_val_loss_epoch: 46|best_val_loss: 0.4593|best_val_metric_epoch: 50|best_val_metric: 0.8369|train_loss: 0.3664|train_metric: 0.8619|val_loss: 0.4633|val_metric: 0.8347
2025-10-07 13:30:47 - duts - DEBUG - best_val_loss_epoch: 46|best_val_loss: 0.4593|best_val_metric_epoch: 50|best_val_metric: 0.8369|train_loss: 0.3519|train_metric: 0.8666|val_loss: 0.4640|val_metric: 0.8349
2025-10-07 13:32:47 - duts - DEBUG - best_val_loss_epoch: 54|best_val_loss: 0.4459|best_val_metric_epoch: 54|best_val_metric: 0.8389|train_loss: 0.3480|train_metric: 0.8669|val_loss: 0.4459|val_metric: 0.8389
2025-10-07 13:34:47 - duts - DEBUG - best_val_loss_epoch: 54|best_val_loss: 0.4459|best_val_metric_epoch: 54|best_val_metric: 0.8389|train_loss: 0.3479|train_metric: 0.8668|val_loss: 0.4482|val_metric: 0.8364
2025-10-07 13:36:48 - duts - DEBUG - best_val_loss_epoch: 54|best_val_loss: 0.4459|best_val_metric_epoch: 54|best_val_metric: 0.8389|train_loss: 0.3413|train_metric: 0.8683|val_loss: 0.4626|val_metric: 0.8316
2025-10-07 13:38:47 - duts - DEBUG - best_val_loss_epoch: 54|best_val_loss: 0.4459|best_val_metric_epoch: 54|best_val_metric: 0.8389|train_loss: 0.3447|train_metric: 0.8685|val_loss: 0.4620|val_metric: 0.8376
2025-10-07 13:40:48 - duts - DEBUG - best_val_loss_epoch: 54|best_val_loss: 0.4459|best_val_metric_epoch: 58|best_val_metric: 0.8400|train_loss: 0.3423|train_metric: 0.8699|val_loss: 0.4658|val_metric: 0.8400
2025-10-07 13:42:48 - duts - DEBUG - best_val_loss_epoch: 54|best_val_loss: 0.4459|best_val_metric_epoch: 58|best_val_metric: 0.8400|train_loss: 0.3371|train_metric: 0.8702|val_loss: 0.4757|val_metric: 0.8346
2025-10-07 13:44:48 - duts - DEBUG - update lr: 0.000640 → 0.000512
2025-10-07 13:44:49 - duts - DEBUG - best_val_loss_epoch: 54|best_val_loss: 0.4459|best_val_metric_epoch: 58|best_val_metric: 0.8400|train_loss: 0.3377|train_metric: 0.8709|val_loss: 0.4580|val_metric: 0.8399
2025-10-07 13:46:49 - duts - DEBUG - best_val_loss_epoch: 54|best_val_loss: 0.4459|best_val_metric_epoch: 58|best_val_metric: 0.8400|train_loss: 0.3307|train_metric: 0.8737|val_loss: 0.4639|val_metric: 0.8382
2025-10-07 13:48:50 - duts - DEBUG - best_val_loss_epoch: 54|best_val_loss: 0.4459|best_val_metric_epoch: 58|best_val_metric: 0.8400|train_loss: 0.3263|train_metric: 0.8745|val_loss: 0.4653|val_metric: 0.8396
2025-10-07 13:50:52 - duts - DEBUG - best_val_loss_epoch: 54|best_val_loss: 0.4459|best_val_metric_epoch: 58|best_val_metric: 0.8400|train_loss: 0.3252|train_metric: 0.8751|val_loss: 0.4617|val_metric: 0.8346
2025-10-07 13:52:53 - duts - DEBUG - best_val_loss_epoch: 54|best_val_loss: 0.4459|best_val_metric_epoch: 58|best_val_metric: 0.8400|train_loss: 0.3184|train_metric: 0.8778|val_loss: 0.4817|val_metric: 0.8364
2025-10-07 13:54:53 - duts - DEBUG - best_val_loss_epoch: 54|best_val_loss: 0.4459|best_val_metric_epoch: 58|best_val_metric: 0.8400|train_loss: 0.3206|train_metric: 0.8768|val_loss: 0.4565|val_metric: 0.8394
2025-10-07 13:56:53 - duts - DEBUG - update lr: 0.000512 → 0.000410
2025-10-07 13:56:53 - duts - DEBUG - best_val_loss_epoch: 54|best_val_loss: 0.4459|best_val_metric_epoch: 58|best_val_metric: 0.8400|train_loss: 0.3176|train_metric: 0.8775|val_loss: 0.4694|val_metric: 0.8383
2025-10-07 13:58:54 - duts - DEBUG - best_val_loss_epoch: 54|best_val_loss: 0.4459|best_val_metric_epoch: 67|best_val_metric: 0.8415|train_loss: 0.3109|train_metric: 0.8795|val_loss: 0.4626|val_metric: 0.8415
2025-10-07 14:00:54 - duts - DEBUG - best_val_loss_epoch: 54|best_val_loss: 0.4459|best_val_metric_epoch: 67|best_val_metric: 0.8415|train_loss: 0.3013|train_metric: 0.8834|val_loss: 0.4715|val_metric: 0.8407
2025-10-07 14:02:54 - duts - DEBUG - best_val_loss_epoch: 54|best_val_loss: 0.4459|best_val_metric_epoch: 67|best_val_metric: 0.8415|train_loss: 0.3055|train_metric: 0.8814|val_loss: 0.4653|val_metric: 0.8412
2025-10-07 14:04:54 - duts - DEBUG - best_val_loss_epoch: 54|best_val_loss: 0.4459|best_val_metric_epoch: 70|best_val_metric: 0.8420|train_loss: 0.3022|train_metric: 0.8834|val_loss: 0.4643|val_metric: 0.8420
2025-10-07 14:06:54 - duts - DEBUG - best_val_loss_epoch: 54|best_val_loss: 0.4459|best_val_metric_epoch: 70|best_val_metric: 0.8420|train_loss: 0.3035|train_metric: 0.8826|val_loss: 0.4865|val_metric: 0.8364
2025-10-07 14:08:54 - duts - DEBUG - update lr: 0.000410 → 0.000328
2025-10-07 14:08:54 - duts - DEBUG - best_val_loss_epoch: 54|best_val_loss: 0.4459|best_val_metric_epoch: 70|best_val_metric: 0.8420|train_loss: 0.3019|train_metric: 0.8841|val_loss: 0.4750|val_metric: 0.8403
2025-10-07 14:10:54 - duts - DEBUG - best_val_loss_epoch: 54|best_val_loss: 0.4459|best_val_metric_epoch: 73|best_val_metric: 0.8423|train_loss: 0.2945|train_metric: 0.8845|val_loss: 0.4630|val_metric: 0.8423
2025-10-07 14:12:55 - duts - DEBUG - best_val_loss_epoch: 54|best_val_loss: 0.4459|best_val_metric_epoch: 73|best_val_metric: 0.8423|train_loss: 0.2941|train_metric: 0.8857|val_loss: 0.4694|val_metric: 0.8399
2025-10-07 14:14:55 - duts - DEBUG - best_val_loss_epoch: 54|best_val_loss: 0.4459|best_val_metric_epoch: 73|best_val_metric: 0.8423|train_loss: 0.2937|train_metric: 0.8860|val_loss: 0.4717|val_metric: 0.8405
2025-10-07 14:16:55 - duts - DEBUG - best_val_loss_epoch: 54|best_val_loss: 0.4459|best_val_metric_epoch: 73|best_val_metric: 0.8423|train_loss: 0.2883|train_metric: 0.8871|val_loss: 0.4779|val_metric: 0.8403
2025-10-07 14:18:54 - duts - DEBUG - best_val_loss_epoch: 54|best_val_loss: 0.4459|best_val_metric_epoch: 73|best_val_metric: 0.8423|train_loss: 0.2876|train_metric: 0.8884|val_loss: 0.4676|val_metric: 0.8388
2025-10-07 14:20:54 - duts - DEBUG - update lr: 0.000328 → 0.000262
2025-10-07 14:20:55 - duts - DEBUG - best_val_loss_epoch: 54|best_val_loss: 0.4459|best_val_metric_epoch: 78|best_val_metric: 0.8447|train_loss: 0.2861|train_metric: 0.8880|val_loss: 0.4561|val_metric: 0.8447
2025-10-07 14:22:55 - duts - DEBUG - best_val_loss_epoch: 54|best_val_loss: 0.4459|best_val_metric_epoch: 78|best_val_metric: 0.8447|train_loss: 0.2804|train_metric: 0.8908|val_loss: 0.4709|val_metric: 0.8434
2025-10-07 14:24:56 - duts - DEBUG - best_val_loss_epoch: 54|best_val_loss: 0.4459|best_val_metric_epoch: 80|best_val_metric: 0.8448|train_loss: 0.2786|train_metric: 0.8913|val_loss: 0.4682|val_metric: 0.8448
2025-10-07 14:26:56 - duts - DEBUG - best_val_loss_epoch: 54|best_val_loss: 0.4459|best_val_metric_epoch: 80|best_val_metric: 0.8448|train_loss: 0.2780|train_metric: 0.8911|val_loss: 0.4681|val_metric: 0.8420
2025-10-07 14:28:56 - duts - DEBUG - best_val_loss_epoch: 54|best_val_loss: 0.4459|best_val_metric_epoch: 80|best_val_metric: 0.8448|train_loss: 0.2738|train_metric: 0.8932|val_loss: 0.4760|val_metric: 0.8447
2025-10-07 14:30:56 - duts - DEBUG - best_val_loss_epoch: 54|best_val_loss: 0.4459|best_val_metric_epoch: 80|best_val_metric: 0.8448|train_loss: 0.2721|train_metric: 0.8937|val_loss: 0.4657|val_metric: 0.8433
2025-10-07 14:32:56 - duts - DEBUG - update lr: 0.000262 → 0.000210
2025-10-07 14:32:56 - duts - DEBUG - best_val_loss_epoch: 54|best_val_loss: 0.4459|best_val_metric_epoch: 80|best_val_metric: 0.8448|train_loss: 0.2739|train_metric: 0.8934|val_loss: 0.4665|val_metric: 0.8431
2025-10-07 14:34:56 - duts - DEBUG - best_val_loss_epoch: 54|best_val_loss: 0.4459|best_val_metric_epoch: 85|best_val_metric: 0.8449|train_loss: 0.2696|train_metric: 0.8944|val_loss: 0.4739|val_metric: 0.8449
2025-10-07 14:36:57 - duts - DEBUG - best_val_loss_epoch: 54|best_val_loss: 0.4459|best_val_metric_epoch: 86|best_val_metric: 0.8452|train_loss: 0.2704|train_metric: 0.8952|val_loss: 0.4652|val_metric: 0.8452
2025-10-07 14:38:57 - duts - DEBUG - best_val_loss_epoch: 54|best_val_loss: 0.4459|best_val_metric_epoch: 86|best_val_metric: 0.8452|train_loss: 0.2654|train_metric: 0.8958|val_loss: 0.4803|val_metric: 0.8423
2025-10-07 14:40:57 - duts - DEBUG - best_val_loss_epoch: 54|best_val_loss: 0.4459|best_val_metric_epoch: 86|best_val_metric: 0.8452|train_loss: 0.2667|train_metric: 0.8962|val_loss: 0.4848|val_metric: 0.8422
2025-10-07 14:42:57 - duts - DEBUG - best_val_loss_epoch: 54|best_val_loss: 0.4459|best_val_metric_epoch: 86|best_val_metric: 0.8452|train_loss: 0.2686|train_metric: 0.8954|val_loss: 0.4741|val_metric: 0.8438
2025-10-07 14:44:57 - duts - DEBUG - update lr: 0.000210 → 0.000168
2025-10-07 14:44:57 - duts - DEBUG - best_val_loss_epoch: 54|best_val_loss: 0.4459|best_val_metric_epoch: 86|best_val_metric: 0.8452|train_loss: 0.2649|train_metric: 0.8955|val_loss: 0.4746|val_metric: 0.8436
2025-10-07 14:46:57 - duts - DEBUG - best_val_loss_epoch: 54|best_val_loss: 0.4459|best_val_metric_epoch: 91|best_val_metric: 0.8462|train_loss: 0.2622|train_metric: 0.8978|val_loss: 0.4736|val_metric: 0.8462
2025-10-07 14:48:58 - duts - DEBUG - best_val_loss_epoch: 54|best_val_loss: 0.4459|best_val_metric_epoch: 91|best_val_metric: 0.8462|train_loss: 0.2595|train_metric: 0.8988|val_loss: 0.4823|val_metric: 0.8431
2025-10-07 14:50:57 - duts - DEBUG - best_val_loss_epoch: 54|best_val_loss: 0.4459|best_val_metric_epoch: 91|best_val_metric: 0.8462|train_loss: 0.2606|train_metric: 0.8989|val_loss: 0.4842|val_metric: 0.8442
2025-10-07 14:52:58 - duts - DEBUG - best_val_loss_epoch: 54|best_val_loss: 0.4459|best_val_metric_epoch: 94|best_val_metric: 0.8465|train_loss: 0.2596|train_metric: 0.8997|val_loss: 0.4756|val_metric: 0.8465
2025-10-07 14:54:58 - duts - DEBUG - best_val_loss_epoch: 54|best_val_loss: 0.4459|best_val_metric_epoch: 94|best_val_metric: 0.8465|train_loss: 0.2564|train_metric: 0.9003|val_loss: 0.4738|val_metric: 0.8446
2025-10-07 14:56:58 - duts - DEBUG - update lr: 0.000168 → 0.000134
2025-10-07 14:56:58 - duts - DEBUG - best_val_loss_epoch: 54|best_val_loss: 0.4459|best_val_metric_epoch: 94|best_val_metric: 0.8465|train_loss: 0.2581|train_metric: 0.8987|val_loss: 0.4956|val_metric: 0.8406
2025-10-07 14:58:58 - duts - DEBUG - best_val_loss_epoch: 54|best_val_loss: 0.4459|best_val_metric_epoch: 97|best_val_metric: 0.8471|train_loss: 0.2533|train_metric: 0.9010|val_loss: 0.4953|val_metric: 0.8471
2025-10-07 15:00:58 - duts - DEBUG - best_val_loss_epoch: 54|best_val_loss: 0.4459|best_val_metric_epoch: 97|best_val_metric: 0.8471|train_loss: 0.2537|train_metric: 0.9011|val_loss: 0.4767|val_metric: 0.8465
2025-10-07 15:02:58 - duts - DEBUG - best_val_loss_epoch: 54|best_val_loss: 0.4459|best_val_metric_epoch: 97|best_val_metric: 0.8471|train_loss: 0.2533|train_metric: 0.9016|val_loss: 0.4945|val_metric: 0.8438
